<?xml version="1.0" encoding="UTF-8"?>
<robot generator="Robot 5.0.1 (Python 3.10.7 on win32)" generated="20221004 12:38:45.438" rpa="false" schemaversion="3">
<suite id="s1" name="Test01" source="C:\Users\ib\Desktop\robotFrameWork\robotFramework\test\test01.robot">
<test id="s1-t1" line="13">
<status status="FAIL" starttime="20221004 12:38:45.653" endtime="20221004 12:38:45.654">Test name cannot be empty.</status>
</test>
<status status="FAIL" starttime="20221004 12:38:45.440" endtime="20221004 12:38:45.655"/>
</suite>
<statistics>
<total>
<stat pass="0" fail="1" skip="0">All Tests</stat>
</total>
<tag>
</tag>
<suite>
<stat pass="0" fail="1" skip="0" id="s1" name="Test01">Test01</stat>
</suite>
</statistics>
<errors>
</errors>
</robot>
