<?xml version="1.0" encoding="UTF-8"?>
<robot generator="Robot 5.0.1 (Python 3.10.7 on win32)" generated="20221004 11:15:00.195" rpa="false" schemaversion="3">
<suite id="s1" name="Test01" source="C:\Users\ib\Desktop\robotFrameWork\test\test01.robot">
<test id="s1-t1" name="Testing" line="10">
<kw name="Begin web test" library="HomePage" type="SETUP">
<arg>${WEBAPPURL}</arg>
<arg>${BROWSER}</arg>
<kw name="Open Browser" library="SeleniumLibrary">
<arg>${WEBAPPURL}</arg>
<arg>${BROWSER}</arg>
<doc>Opens a new browser instance to the optional ``url``.</doc>
<msg timestamp="20221004 11:15:00.465" level="INFO">Opening browser 'chrome' to base url 'http://www.amazon.fr'.</msg>
<status status="PASS" starttime="20221004 11:15:00.464" endtime="20221004 11:15:02.861"/>
</kw>
<kw name="Maximize Browser Window" library="SeleniumLibrary">
<doc>Maximizes current browser window.</doc>
<status status="PASS" starttime="20221004 11:15:02.862" endtime="20221004 11:15:02.994"/>
</kw>
<status status="PASS" starttime="20221004 11:15:00.464" endtime="20221004 11:15:02.995"/>
</kw>
<kw name="Run Keyword And Ignore Error" library="BuiltIn">
<arg>accepte cokies Amazon</arg>
<doc>Runs the given keyword with the given arguments and ignores possible error.</doc>
<kw name="accepte cokies Amazon" library="HomePage">
<kw name="Capture Element Screenshot" library="SeleniumLibrary">
<arg>css=#sp-cc-accept</arg>
<doc>Captures a screenshot from the element identified by ``locator`` and embeds it into log file.</doc>
<msg timestamp="20221004 11:15:03.176" level="INFO" html="true">&lt;/td&gt;&lt;/tr&gt;&lt;tr&gt;&lt;td colspan="3"&gt;&lt;a href="selenium-element-screenshot-3.png"&gt;&lt;img src="selenium-element-screenshot-3.png" width="400px"&gt;&lt;/a&gt;</msg>
<status status="PASS" starttime="20221004 11:15:02.997" endtime="20221004 11:15:03.176"/>
</kw>
<kw name="Click Element" library="SeleniumLibrary">
<arg>css=#sp-cc-accept</arg>
<doc>Click the element identified by ``locator``.</doc>
<msg timestamp="20221004 11:15:03.177" level="INFO">Clicking element 'css=#sp-cc-accept'.</msg>
<status status="PASS" starttime="20221004 11:15:03.176" endtime="20221004 11:15:03.330"/>
</kw>
<status status="PASS" starttime="20221004 11:15:02.996" endtime="20221004 11:15:03.330"/>
</kw>
<status status="PASS" starttime="20221004 11:15:02.996" endtime="20221004 11:15:03.331"/>
</kw>
<kw name=" clique list compte" library="HomePage">
<kw name="Click Element" library="SeleniumLibrary">
<arg>css=#nav-link-accountList</arg>
<doc>Click the element identified by ``locator``.</doc>
<msg timestamp="20221004 11:15:03.331" level="INFO">Clicking element 'css=#nav-link-accountList'.</msg>
<status status="PASS" starttime="20221004 11:15:03.331" endtime="20221004 11:15:03.835"/>
</kw>
<status status="PASS" starttime="20221004 11:15:03.331" endtime="20221004 11:15:03.835"/>
</kw>
<kw name="sendkey element telephone" library="ListCompte">
<kw name="Input Text" library="SeleniumLibrary">
<arg>css=#ap_email</arg>
<arg>76653373437385633535</arg>
<doc>Types the given ``text`` into the text field identified by ``locator``.</doc>
<msg timestamp="20221004 11:15:03.837" level="INFO">Typing text '76653373437385633535' into text field 'css=#ap_email'.</msg>
<status status="PASS" starttime="20221004 11:15:03.836" endtime="20221004 11:15:03.955"/>
</kw>
<kw name="Click Element" library="SeleniumLibrary">
<arg>css=#continue</arg>
<doc>Click the element identified by ``locator``.</doc>
<msg timestamp="20221004 11:15:03.956" level="INFO">Clicking element 'css=#continue'.</msg>
<status status="PASS" starttime="20221004 11:15:03.956" endtime="20221004 11:15:04.321"/>
</kw>
<status status="PASS" starttime="20221004 11:15:03.836" endtime="20221004 11:15:04.322"/>
</kw>
<kw name="verifier que le message d'erreur s'affiche" library="ListCompte">
<kw name="Element Should Contain" library="SeleniumLibrary">
<arg>css=#auth-error-message-box</arg>
<arg>Numéro de téléphone incorrect</arg>
<doc>Verifies that element ``locator`` contains text ``expected``.</doc>
<msg timestamp="20221004 11:15:04.349" level="INFO">Element 'css=#auth-error-message-box' contains text 'Numéro de téléphone incorrect'.</msg>
<status status="PASS" starttime="20221004 11:15:04.323" endtime="20221004 11:15:04.349"/>
</kw>
<status status="PASS" starttime="20221004 11:15:04.323" endtime="20221004 11:15:04.350"/>
</kw>
<kw name="Close All Browsers" library="SeleniumLibrary" type="TEARDOWN">
<doc>Closes all open browsers and resets the browser cache.</doc>
<status status="PASS" starttime="20221004 11:15:04.350" endtime="20221004 11:15:06.518"/>
</kw>
<status status="PASS" starttime="20221004 11:15:00.463" endtime="20221004 11:15:06.519"/>
</test>
<status status="PASS" starttime="20221004 11:15:00.198" endtime="20221004 11:15:06.522"/>
</suite>
<statistics>
<total>
<stat pass="1" fail="0" skip="0">All Tests</stat>
</total>
<tag>
</tag>
<suite>
<stat pass="1" fail="0" skip="0" id="s1" name="Test01">Test01</stat>
</suite>
</statistics>
<errors>
</errors>
</robot>
